{"C:\\WORK\\sales\\backend\\src\\config\\database.js": {"path":"C:\\WORK\\sales\\backend\\src\\config\\database.js","statementMap":{"0":{"start":{"line":3,"column":15},"end":{"line":3,"column":22}},"1":{"start":{"line":4,"column":17},"end":{"line":4,"column":23}},"2":{"start":{"line":5,"column":17},"end":{"line":5,"column":23}},"3":{"start":{"line":7,"column":18},"end":{"line":16,"column":2}}},"fnMap":{},"branchMap":{},"s":{"0":3,"1":3,"2":3,"3":3},"f":{},"b":{},"_coverageSchema":"1a1c01bbd47fc00a2c39e90264f33305004495a9","hash":"5c8ac8a5de0334afb2d2fb7082a0a289b798fed4"}
,"C:\\WORK\\sales\\backend\\src\\controllers\\clientController.js": {"path":"C:\\WORK\\sales\\backend\\src\\controllers\\clientController.js","statementMap":{"0":{"start":{"line":14,"column":4},"end":{"line":28,"column":5}},"1":{"start":{"line":16,"column":24},"end":{"line":20,"column":7}},"2":{"start":{"line":23,"column":22},"end":{"line":23,"column":60}},"3":{"start":{"line":24,"column":6},"end":{"line":24,"column":24}},"4":{"start":{"line":26,"column":6},"end":{"line":26,"column":21}},"5":{"start":{"line":27,"column":6},"end":{"line":27,"column":29}},"6":{"start":{"line":38,"column":4},"end":{"line":65,"column":5}},"7":{"start":{"line":39,"column":25},"end":{"line":39,"column":27}},"8":{"start":{"line":41,"column":6},"end":{"line":47,"column":7}},"9":{"start":{"line":42,"column":8},"end":{"line":42,"column":78}},"10":{"start":{"line":43,"column":13},"end":{"line":47,"column":7}},"11":{"start":{"line":44,"column":8},"end":{"line":44,"column":80}},"12":{"start":{"line":45,"column":13},"end":{"line":47,"column":7}},"13":{"start":{"line":46,"column":8},"end":{"line":46,"column":82}},"14":{"start":{"line":49,"column":6},"end":{"line":52,"column":7}},"15":{"start":{"line":50,"column":8},"end":{"line":50,"column":53}},"16":{"start":{"line":51,"column":8},"end":{"line":51,"column":15}},"17":{"start":{"line":54,"column":21},"end":{"line":54,"column":74}},"18":{"start":{"line":55,"column":6},"end":{"line":55,"column":23}},"19":{"start":{"line":57,"column":6},"end":{"line":57,"column":21}},"20":{"start":{"line":59,"column":6},"end":{"line":64,"column":7}},"21":{"start":{"line":61,"column":8},"end":{"line":61,"column":100}},"22":{"start":{"line":63,"column":8},"end":{"line":63,"column":31}},"23":{"start":{"line":75,"column":4},"end":{"line":131,"column":5}},"24":{"start":{"line":76,"column":21},"end":{"line":86,"column":7}},"25":{"start":{"line":89,"column":21},"end":{"line":89,"column":42}},"26":{"start":{"line":91,"column":6},"end":{"line":97,"column":7}},"27":{"start":{"line":92,"column":8},"end":{"line":92,"column":74}},"28":{"start":{"line":93,"column":13},"end":{"line":97,"column":7}},"29":{"start":{"line":94,"column":8},"end":{"line":94,"column":76}},"30":{"start":{"line":95,"column":13},"end":{"line":97,"column":7}},"31":{"start":{"line":96,"column":8},"end":{"line":96,"column":78}},"32":{"start":{"line":100,"column":6},"end":{"line":104,"column":7}},"33":{"start":{"line":101,"column":8},"end":{"line":101,"column":71}},"34":{"start":{"line":102,"column":13},"end":{"line":104,"column":7}},"35":{"start":{"line":103,"column":8},"end":{"line":103,"column":78}},"36":{"start":{"line":107,"column":6},"end":{"line":113,"column":7}},"37":{"start":{"line":108,"column":8},"end":{"line":108,"column":72}},"38":{"start":{"line":109,"column":13},"end":{"line":113,"column":7}},"39":{"start":{"line":110,"column":8},"end":{"line":110,"column":74}},"40":{"start":{"line":111,"column":13},"end":{"line":113,"column":7}},"41":{"start":{"line":112,"column":8},"end":{"line":112,"column":76}},"42":{"start":{"line":115,"column":6},"end":{"line":119,"column":7}},"43":{"start":{"line":117,"column":8},"end":{"line":117,"column":49}},"44":{"start":{"line":118,"column":8},"end":{"line":118,"column":15}},"45":{"start":{"line":121,"column":6},"end":{"line":121,"column":41}},"46":{"start":{"line":122,"column":6},"end":{"line":122,"column":29}},"47":{"start":{"line":124,"column":6},"end":{"line":124,"column":21}},"48":{"start":{"line":125,"column":6},"end":{"line":130,"column":7}},"49":{"start":{"line":127,"column":8},"end":{"line":127,"column":108}},"50":{"start":{"line":129,"column":8},"end":{"line":129,"column":31}},"51":{"start":{"line":141,"column":4},"end":{"line":192,"column":5}},"52":{"start":{"line":142,"column":25},"end":{"line":142,"column":27}},"53":{"start":{"line":144,"column":6},"end":{"line":150,"column":7}},"54":{"start":{"line":145,"column":8},"end":{"line":145,"column":78}},"55":{"start":{"line":146,"column":13},"end":{"line":150,"column":7}},"56":{"start":{"line":147,"column":8},"end":{"line":147,"column":80}},"57":{"start":{"line":148,"column":13},"end":{"line":150,"column":7}},"58":{"start":{"line":149,"column":8},"end":{"line":149,"column":82}},"59":{"start":{"line":152,"column":6},"end":{"line":155,"column":7}},"60":{"start":{"line":153,"column":8},"end":{"line":153,"column":53}},"61":{"start":{"line":154,"column":8},"end":{"line":154,"column":15}},"62":{"start":{"line":157,"column":21},"end":{"line":164,"column":7}},"63":{"start":{"line":167,"column":21},"end":{"line":167,"column":42}},"64":{"start":{"line":169,"column":6},"end":{"line":175,"column":7}},"65":{"start":{"line":170,"column":8},"end":{"line":170,"column":72}},"66":{"start":{"line":171,"column":13},"end":{"line":175,"column":7}},"67":{"start":{"line":172,"column":8},"end":{"line":172,"column":74}},"68":{"start":{"line":173,"column":13},"end":{"line":175,"column":7}},"69":{"start":{"line":174,"column":8},"end":{"line":174,"column":76}},"70":{"start":{"line":177,"column":6},"end":{"line":181,"column":7}},"71":{"start":{"line":179,"column":8},"end":{"line":179,"column":49}},"72":{"start":{"line":180,"column":8},"end":{"line":180,"column":15}},"73":{"start":{"line":182,"column":6},"end":{"line":182,"column":64}},"74":{"start":{"line":183,"column":6},"end":{"line":183,"column":17}},"75":{"start":{"line":185,"column":6},"end":{"line":185,"column":21}},"76":{"start":{"line":186,"column":6},"end":{"line":191,"column":7}},"77":{"start":{"line":188,"column":8},"end":{"line":188,"column":100}},"78":{"start":{"line":190,"column":8},"end":{"line":190,"column":31}},"79":{"start":{"line":202,"column":4},"end":{"line":233,"column":5}},"80":{"start":{"line":203,"column":25},"end":{"line":203,"column":27}},"81":{"start":{"line":205,"column":6},"end":{"line":211,"column":7}},"82":{"start":{"line":206,"column":8},"end":{"line":206,"column":78}},"83":{"start":{"line":207,"column":13},"end":{"line":211,"column":7}},"84":{"start":{"line":208,"column":8},"end":{"line":208,"column":80}},"85":{"start":{"line":209,"column":13},"end":{"line":211,"column":7}},"86":{"start":{"line":210,"column":8},"end":{"line":210,"column":82}},"87":{"start":{"line":213,"column":6},"end":{"line":216,"column":7}},"88":{"start":{"line":214,"column":8},"end":{"line":214,"column":53}},"89":{"start":{"line":215,"column":8},"end":{"line":215,"column":15}},"90":{"start":{"line":219,"column":6},"end":{"line":219,"column":56}},"91":{"start":{"line":220,"column":6},"end":{"line":220,"column":17}},"92":{"start":{"line":222,"column":6},"end":{"line":222,"column":21}},"93":{"start":{"line":224,"column":6},"end":{"line":232,"column":7}},"94":{"start":{"line":226,"column":8},"end":{"line":226,"column":100}},"95":{"start":{"line":227,"column":13},"end":{"line":232,"column":7}},"96":{"start":{"line":229,"column":8},"end":{"line":229,"column":111}},"97":{"start":{"line":231,"column":8},"end":{"line":231,"column":31}},"98":{"start":{"line":243,"column":19},"end":{"line":243,"column":21}},"99":{"start":{"line":245,"column":4},"end":{"line":249,"column":5}},"100":{"start":{"line":246,"column":6},"end":{"line":246,"column":70}},"101":{"start":{"line":247,"column":11},"end":{"line":249,"column":5}},"102":{"start":{"line":248,"column":6},"end":{"line":248,"column":76}},"103":{"start":{"line":252,"column":4},"end":{"line":258,"column":5}},"104":{"start":{"line":253,"column":6},"end":{"line":257,"column":7}},"105":{"start":{"line":254,"column":8},"end":{"line":254,"column":72}},"106":{"start":{"line":255,"column":13},"end":{"line":257,"column":7}},"107":{"start":{"line":256,"column":8},"end":{"line":256,"column":74}},"108":{"start":{"line":261,"column":4},"end":{"line":263,"column":5}},"109":{"start":{"line":262,"column":6},"end":{"line":262,"column":73}},"110":{"start":{"line":266,"column":4},"end":{"line":268,"column":5}},"111":{"start":{"line":267,"column":6},"end":{"line":267,"column":73}},"112":{"start":{"line":271,"column":4},"end":{"line":273,"column":5}},"113":{"start":{"line":272,"column":6},"end":{"line":272,"column":82}},"114":{"start":{"line":274,"column":4},"end":{"line":274,"column":18}}},"fnMap":{"0":{"name":"(anonymous_0)","decl":{"start":{"line":13,"column":2},"end":{"line":13,"column":3}},"loc":{"start":{"line":13,"column":26},"end":{"line":29,"column":3}},"line":13},"1":{"name":"(anonymous_1)","decl":{"start":{"line":37,"column":2},"end":{"line":37,"column":3}},"loc":{"start":{"line":37,"column":29},"end":{"line":66,"column":3}},"line":37},"2":{"name":"(anonymous_2)","decl":{"start":{"line":74,"column":2},"end":{"line":74,"column":3}},"loc":{"start":{"line":74,"column":25},"end":{"line":132,"column":3}},"line":74},"3":{"name":"(anonymous_3)","decl":{"start":{"line":140,"column":2},"end":{"line":140,"column":3}},"loc":{"start":{"line":140,"column":25},"end":{"line":193,"column":3}},"line":140},"4":{"name":"(anonymous_4)","decl":{"start":{"line":201,"column":2},"end":{"line":201,"column":3}},"loc":{"start":{"line":201,"column":25},"end":{"line":234,"column":3}},"line":201},"5":{"name":"(anonymous_5)","decl":{"start":{"line":242,"column":2},"end":{"line":242,"column":3}},"loc":{"start":{"line":242,"column":17},"end":{"line":275,"column":3}},"line":242}},"branchMap":{"0":{"loc":{"start":{"line":41,"column":6},"end":{"line":47,"column":7}},"type":"if","locations":[{"start":{"line":41,"column":6},"end":{"line":47,"column":7}},{"start":{"line":43,"column":13},"end":{"line":47,"column":7}}],"line":41},"1":{"loc":{"start":{"line":43,"column":13},"end":{"line":47,"column":7}},"type":"if","locations":[{"start":{"line":43,"column":13},"end":{"line":47,"column":7}},{"start":{"line":45,"column":13},"end":{"line":47,"column":7}}],"line":43},"2":{"loc":{"start":{"line":45,"column":13},"end":{"line":47,"column":7}},"type":"if","locations":[{"start":{"line":45,"column":13},"end":{"line":47,"column":7}},{"start":{},"end":{}}],"line":45},"3":{"loc":{"start":{"line":49,"column":6},"end":{"line":52,"column":7}},"type":"if","locations":[{"start":{"line":49,"column":6},"end":{"line":52,"column":7}},{"start":{},"end":{}}],"line":49},"4":{"loc":{"start":{"line":59,"column":6},"end":{"line":64,"column":7}},"type":"if","locations":[{"start":{"line":59,"column":6},"end":{"line":64,"column":7}},{"start":{"line":62,"column":13},"end":{"line":64,"column":7}}],"line":59},"5":{"loc":{"start":{"line":91,"column":6},"end":{"line":97,"column":7}},"type":"if","locations":[{"start":{"line":91,"column":6},"end":{"line":97,"column":7}},{"start":{"line":93,"column":13},"end":{"line":97,"column":7}}],"line":91},"6":{"loc":{"start":{"line":93,"column":13},"end":{"line":97,"column":7}},"type":"if","locations":[{"start":{"line":93,"column":13},"end":{"line":97,"column":7}},{"start":{"line":95,"column":13},"end":{"line":97,"column":7}}],"line":93},"7":{"loc":{"start":{"line":95,"column":13},"end":{"line":97,"column":7}},"type":"if","locations":[{"start":{"line":95,"column":13},"end":{"line":97,"column":7}},{"start":{},"end":{}}],"line":95},"8":{"loc":{"start":{"line":100,"column":6},"end":{"line":104,"column":7}},"type":"if","locations":[{"start":{"line":100,"column":6},"end":{"line":104,"column":7}},{"start":{"line":102,"column":13},"end":{"line":104,"column":7}}],"line":100},"9":{"loc":{"start":{"line":102,"column":13},"end":{"line":104,"column":7}},"type":"if","locations":[{"start":{"line":102,"column":13},"end":{"line":104,"column":7}},{"start":{},"end":{}}],"line":102},"10":{"loc":{"start":{"line":107,"column":6},"end":{"line":113,"column":7}},"type":"if","locations":[{"start":{"line":107,"column":6},"end":{"line":113,"column":7}},{"start":{"line":109,"column":13},"end":{"line":113,"column":7}}],"line":107},"11":{"loc":{"start":{"line":109,"column":13},"end":{"line":113,"column":7}},"type":"if","locations":[{"start":{"line":109,"column":13},"end":{"line":113,"column":7}},{"start":{"line":111,"column":13},"end":{"line":113,"column":7}}],"line":109},"12":{"loc":{"start":{"line":111,"column":13},"end":{"line":113,"column":7}},"type":"if","locations":[{"start":{"line":111,"column":13},"end":{"line":113,"column":7}},{"start":{},"end":{}}],"line":111},"13":{"loc":{"start":{"line":115,"column":6},"end":{"line":119,"column":7}},"type":"if","locations":[{"start":{"line":115,"column":6},"end":{"line":119,"column":7}},{"start":{},"end":{}}],"line":115},"14":{"loc":{"start":{"line":125,"column":6},"end":{"line":130,"column":7}},"type":"if","locations":[{"start":{"line":125,"column":6},"end":{"line":130,"column":7}},{"start":{"line":128,"column":13},"end":{"line":130,"column":7}}],"line":125},"15":{"loc":{"start":{"line":144,"column":6},"end":{"line":150,"column":7}},"type":"if","locations":[{"start":{"line":144,"column":6},"end":{"line":150,"column":7}},{"start":{"line":146,"column":13},"end":{"line":150,"column":7}}],"line":144},"16":{"loc":{"start":{"line":146,"column":13},"end":{"line":150,"column":7}},"type":"if","locations":[{"start":{"line":146,"column":13},"end":{"line":150,"column":7}},{"start":{"line":148,"column":13},"end":{"line":150,"column":7}}],"line":146},"17":{"loc":{"start":{"line":148,"column":13},"end":{"line":150,"column":7}},"type":"if","locations":[{"start":{"line":148,"column":13},"end":{"line":150,"column":7}},{"start":{},"end":{}}],"line":148},"18":{"loc":{"start":{"line":152,"column":6},"end":{"line":155,"column":7}},"type":"if","locations":[{"start":{"line":152,"column":6},"end":{"line":155,"column":7}},{"start":{},"end":{}}],"line":152},"19":{"loc":{"start":{"line":169,"column":6},"end":{"line":175,"column":7}},"type":"if","locations":[{"start":{"line":169,"column":6},"end":{"line":175,"column":7}},{"start":{"line":171,"column":13},"end":{"line":175,"column":7}}],"line":169},"20":{"loc":{"start":{"line":171,"column":13},"end":{"line":175,"column":7}},"type":"if","locations":[{"start":{"line":171,"column":13},"end":{"line":175,"column":7}},{"start":{"line":173,"column":13},"end":{"line":175,"column":7}}],"line":171},"21":{"loc":{"start":{"line":173,"column":13},"end":{"line":175,"column":7}},"type":"if","locations":[{"start":{"line":173,"column":13},"end":{"line":175,"column":7}},{"start":{},"end":{}}],"line":173},"22":{"loc":{"start":{"line":177,"column":6},"end":{"line":181,"column":7}},"type":"if","locations":[{"start":{"line":177,"column":6},"end":{"line":181,"column":7}},{"start":{},"end":{}}],"line":177},"23":{"loc":{"start":{"line":186,"column":6},"end":{"line":191,"column":7}},"type":"if","locations":[{"start":{"line":186,"column":6},"end":{"line":191,"column":7}},{"start":{"line":189,"column":13},"end":{"line":191,"column":7}}],"line":186},"24":{"loc":{"start":{"line":205,"column":6},"end":{"line":211,"column":7}},"type":"if","locations":[{"start":{"line":205,"column":6},"end":{"line":211,"column":7}},{"start":{"line":207,"column":13},"end":{"line":211,"column":7}}],"line":205},"25":{"loc":{"start":{"line":207,"column":13},"end":{"line":211,"column":7}},"type":"if","locations":[{"start":{"line":207,"column":13},"end":{"line":211,"column":7}},{"start":{"line":209,"column":13},"end":{"line":211,"column":7}}],"line":207},"26":{"loc":{"start":{"line":209,"column":13},"end":{"line":211,"column":7}},"type":"if","locations":[{"start":{"line":209,"column":13},"end":{"line":211,"column":7}},{"start":{},"end":{}}],"line":209},"27":{"loc":{"start":{"line":213,"column":6},"end":{"line":216,"column":7}},"type":"if","locations":[{"start":{"line":213,"column":6},"end":{"line":216,"column":7}},{"start":{},"end":{}}],"line":213},"28":{"loc":{"start":{"line":224,"column":6},"end":{"line":232,"column":7}},"type":"if","locations":[{"start":{"line":224,"column":6},"end":{"line":232,"column":7}},{"start":{"line":227,"column":13},"end":{"line":232,"column":7}}],"line":224},"29":{"loc":{"start":{"line":227,"column":13},"end":{"line":232,"column":7}},"type":"if","locations":[{"start":{"line":227,"column":13},"end":{"line":232,"column":7}},{"start":{"line":230,"column":13},"end":{"line":232,"column":7}}],"line":227},"30":{"loc":{"start":{"line":245,"column":4},"end":{"line":249,"column":5}},"type":"if","locations":[{"start":{"line":245,"column":4},"end":{"line":249,"column":5}},{"start":{"line":247,"column":11},"end":{"line":249,"column":5}}],"line":245},"31":{"loc":{"start":{"line":247,"column":11},"end":{"line":249,"column":5}},"type":"if","locations":[{"start":{"line":247,"column":11},"end":{"line":249,"column":5}},{"start":{},"end":{}}],"line":247},"32":{"loc":{"start":{"line":252,"column":4},"end":{"line":258,"column":5}},"type":"if","locations":[{"start":{"line":252,"column":4},"end":{"line":258,"column":5}},{"start":{},"end":{}}],"line":252},"33":{"loc":{"start":{"line":253,"column":6},"end":{"line":257,"column":7}},"type":"if","locations":[{"start":{"line":253,"column":6},"end":{"line":257,"column":7}},{"start":{"line":255,"column":13},"end":{"line":257,"column":7}}],"line":253},"34":{"loc":{"start":{"line":255,"column":13},"end":{"line":257,"column":7}},"type":"if","locations":[{"start":{"line":255,"column":13},"end":{"line":257,"column":7}},{"start":{},"end":{}}],"line":255},"35":{"loc":{"start":{"line":261,"column":4},"end":{"line":263,"column":5}},"type":"if","locations":[{"start":{"line":261,"column":4},"end":{"line":263,"column":5}},{"start":{},"end":{}}],"line":261},"36":{"loc":{"start":{"line":261,"column":8},"end":{"line":261,"column":50}},"type":"binary-expr","locations":[{"start":{"line":261,"column":8},"end":{"line":261,"column":21}},{"start":{"line":261,"column":25},"end":{"line":261,"column":50}}],"line":261},"37":{"loc":{"start":{"line":266,"column":4},"end":{"line":268,"column":5}},"type":"if","locations":[{"start":{"line":266,"column":4},"end":{"line":268,"column":5}},{"start":{},"end":{}}],"line":266},"38":{"loc":{"start":{"line":266,"column":8},"end":{"line":266,"column":50}},"type":"binary-expr","locations":[{"start":{"line":266,"column":8},"end":{"line":266,"column":21}},{"start":{"line":266,"column":25},"end":{"line":266,"column":50}}],"line":266},"39":{"loc":{"start":{"line":271,"column":4},"end":{"line":273,"column":5}},"type":"if","locations":[{"start":{"line":271,"column":4},"end":{"line":273,"column":5}},{"start":{},"end":{}}],"line":271},"40":{"loc":{"start":{"line":271,"column":8},"end":{"line":271,"column":69}},"type":"binary-expr","locations":[{"start":{"line":271,"column":8},"end":{"line":271,"column":22}},{"start":{"line":271,"column":26},"end":{"line":271,"column":69}}],"line":271}},"s":{"0":2,"1":2,"2":2,"3":1,"4":1,"5":1,"6":6,"7":6,"8":6,"9":1,"10":5,"11":1,"12":4,"13":1,"14":6,"15":3,"16":3,"17":3,"18":1,"19":2,"20":2,"21":1,"22":1,"23":11,"24":11,"25":11,"26":11,"27":1,"28":10,"29":1,"30":9,"31":1,"32":11,"33":1,"34":10,"35":1,"36":11,"37":1,"38":10,"39":1,"40":9,"41":1,"42":11,"43":8,"44":8,"45":3,"46":1,"47":2,"48":2,"49":1,"50":1,"51":9,"52":9,"53":9,"54":1,"55":8,"56":1,"57":7,"58":1,"59":9,"60":3,"61":3,"62":6,"63":6,"64":6,"65":1,"66":5,"67":1,"68":4,"69":1,"70":6,"71":3,"72":3,"73":3,"74":1,"75":2,"76":2,"77":1,"78":1,"79":7,"80":7,"81":7,"82":1,"83":6,"84":1,"85":5,"86":1,"87":7,"88":3,"89":3,"90":4,"91":1,"92":3,"93":3,"94":1,"95":2,"96":1,"97":1,"98":29,"99":29,"100":6,"101":23,"102":1,"103":29,"104":3,"105":1,"106":2,"107":1,"108":29,"109":1,"110":29,"111":1,"112":29,"113":1,"114":29},"f":{"0":2,"1":6,"2":11,"3":9,"4":7,"5":29},"b":{"0":[1,5],"1":[1,4],"2":[1,3],"3":[3,3],"4":[1,1],"5":[1,10],"6":[1,9],"7":[1,8],"8":[1,10],"9":[1,9],"10":[1,10],"11":[1,9],"12":[1,8],"13":[8,3],"14":[1,1],"15":[1,8],"16":[1,7],"17":[1,6],"18":[3,6],"19":[1,5],"20":[1,4],"21":[1,3],"22":[3,3],"23":[1,1],"24":[1,6],"25":[1,5],"26":[1,4],"27":[3,4],"28":[1,2],"29":[1,1],"30":[6,23],"31":[1,22],"32":[3,26],"33":[1,2],"34":[1,1],"35":[1,28],"36":[29,2],"37":[1,28],"38":[29,2],"39":[1,28],"40":[29,2]},"_coverageSchema":"1a1c01bbd47fc00a2c39e90264f33305004495a9","hash":"019619c1ce26d983e5134f40323e730e0631b2a2"}
,"C:\\WORK\\sales\\backend\\src\\errors\\BaseError.js": {"path":"C:\\WORK\\sales\\backend\\src\\errors\\BaseError.js","statementMap":{"0":{"start":{"line":3,"column":4},"end":{"line":3,"column":19}},"1":{"start":{"line":5,"column":4},"end":{"line":5,"column":23}}},"fnMap":{"0":{"name":"(anonymous_0)","decl":{"start":{"line":2,"column":2},"end":{"line":2,"column":3}},"loc":{"start":{"line":2,"column":30},"end":{"line":6,"column":3}},"line":2}},"branchMap":{},"s":{"0":10,"1":10},"f":{"0":10},"b":{},"_coverageSchema":"1a1c01bbd47fc00a2c39e90264f33305004495a9","hash":"f217970862b16065555182400f86c86eaa3ad8bf"}
,"C:\\WORK\\sales\\backend\\src\\errors\\NotFoundError.js": {"path":"C:\\WORK\\sales\\backend\\src\\errors\\NotFoundError.js","statementMap":{"0":{"start":{"line":4,"column":18},"end":{"line":4,"column":21}},"1":{"start":{"line":7,"column":4},"end":{"line":7,"column":26}}},"fnMap":{"0":{"name":"(anonymous_0)","decl":{"start":{"line":6,"column":2},"end":{"line":6,"column":3}},"loc":{"start":{"line":6,"column":30},"end":{"line":8,"column":3}},"line":6}},"branchMap":{},"s":{"0":2,"1":6},"f":{"0":6},"b":{},"_coverageSchema":"1a1c01bbd47fc00a2c39e90264f33305004495a9","hash":"f34c2e5f1e9bf0dbb229d7ab4da5d6d57d305c02"}
,"C:\\WORK\\sales\\backend\\src\\errors\\ReferenceConstraintError.js": {"path":"C:\\WORK\\sales\\backend\\src\\errors\\ReferenceConstraintError.js","statementMap":{"0":{"start":{"line":4,"column":18},"end":{"line":4,"column":21}},"1":{"start":{"line":7,"column":4},"end":{"line":7,"column":26}}},"fnMap":{"0":{"name":"(anonymous_0)","decl":{"start":{"line":6,"column":2},"end":{"line":6,"column":3}},"loc":{"start":{"line":6,"column":30},"end":{"line":8,"column":3}},"line":6}},"branchMap":{},"s":{"0":2,"1":2},"f":{"0":2},"b":{},"_coverageSchema":"1a1c01bbd47fc00a2c39e90264f33305004495a9","hash":"4d6e9aa6c00c13a83ed330a831fe51b8078a67f6"}
,"C:\\WORK\\sales\\backend\\src\\errors\\UniqueConstraintError.js": {"path":"C:\\WORK\\sales\\backend\\src\\errors\\UniqueConstraintError.js","statementMap":{"0":{"start":{"line":4,"column":18},"end":{"line":4,"column":21}},"1":{"start":{"line":7,"column":4},"end":{"line":7,"column":26}}},"fnMap":{"0":{"name":"(anonymous_0)","decl":{"start":{"line":6,"column":2},"end":{"line":6,"column":3}},"loc":{"start":{"line":6,"column":30},"end":{"line":8,"column":3}},"line":6}},"branchMap":{},"s":{"0":2,"1":2},"f":{"0":2},"b":{},"_coverageSchema":"1a1c01bbd47fc00a2c39e90264f33305004495a9","hash":"00ff383929cd9851747b1a16f1c32a8c24fff481"}
,"C:\\WORK\\sales\\backend\\src\\models\\clientModel.js": {"path":"C:\\WORK\\sales\\backend\\src\\models\\clientModel.js","statementMap":{"0":{"start":{"line":6,"column":0},"end":{"line":70,"column":2}}},"fnMap":{},"branchMap":{},"s":{"0":3},"f":{},"b":{},"_coverageSchema":"1a1c01bbd47fc00a2c39e90264f33305004495a9","hash":"bffbcc9c3f18279f4f8af480b2d013f4bcc02306"}
,"C:\\WORK\\sales\\backend\\src\\models\\orderModel.js": {"path":"C:\\WORK\\sales\\backend\\src\\models\\orderModel.js","statementMap":{"0":{"start":{"line":6,"column":0},"end":{"line":95,"column":2}}},"fnMap":{},"branchMap":{},"s":{"0":2},"f":{},"b":{},"_coverageSchema":"1a1c01bbd47fc00a2c39e90264f33305004495a9","hash":"d307b7947c4048b9003b948fd9bf49974fd3d172"}
,"C:\\WORK\\sales\\backend\\src\\repositories\\clientRepository.js": {"path":"C:\\WORK\\sales\\backend\\src\\repositories\\clientRepository.js","statementMap":{"0":{"start":{"line":13,"column":18},"end":{"line":13,"column":20}},"1":{"start":{"line":14,"column":4},"end":{"line":16,"column":5}},"2":{"start":{"line":15,"column":6},"end":{"line":15,"column":73}},"3":{"start":{"line":17,"column":4},"end":{"line":19,"column":5}},"4":{"start":{"line":18,"column":6},"end":{"line":18,"column":73}},"5":{"start":{"line":20,"column":4},"end":{"line":22,"column":5}},"6":{"start":{"line":21,"column":6},"end":{"line":21,"column":42}},"7":{"start":{"line":25,"column":4},"end":{"line":38,"column":7}},"8":{"start":{"line":48,"column":4},"end":{"line":48,"column":50}},"9":{"start":{"line":57,"column":4},"end":{"line":57,"column":41}},"10":{"start":{"line":67,"column":4},"end":{"line":71,"column":7}},"11":{"start":{"line":80,"column":4},"end":{"line":84,"column":7}}},"fnMap":{"0":{"name":"(anonymous_0)","decl":{"start":{"line":11,"column":2},"end":{"line":11,"column":3}},"loc":{"start":{"line":11,"column":27},"end":{"line":39,"column":3}},"line":11},"1":{"name":"(anonymous_1)","decl":{"start":{"line":47,"column":2},"end":{"line":47,"column":3}},"loc":{"start":{"line":47,"column":31},"end":{"line":49,"column":3}},"line":47},"2":{"name":"(anonymous_2)","decl":{"start":{"line":56,"column":2},"end":{"line":56,"column":3}},"loc":{"start":{"line":56,"column":27},"end":{"line":58,"column":3}},"line":56},"3":{"name":"(anonymous_3)","decl":{"start":{"line":66,"column":2},"end":{"line":66,"column":3}},"loc":{"start":{"line":66,"column":39},"end":{"line":72,"column":3}},"line":66},"4":{"name":"(anonymous_4)","decl":{"start":{"line":79,"column":2},"end":{"line":79,"column":3}},"loc":{"start":{"line":79,"column":27},"end":{"line":85,"column":3}},"line":79}},"branchMap":{"0":{"loc":{"start":{"line":14,"column":4},"end":{"line":16,"column":5}},"type":"if","locations":[{"start":{"line":14,"column":4},"end":{"line":16,"column":5}},{"start":{},"end":{}}],"line":14},"1":{"loc":{"start":{"line":17,"column":4},"end":{"line":19,"column":5}},"type":"if","locations":[{"start":{"line":17,"column":4},"end":{"line":19,"column":5}},{"start":{},"end":{}}],"line":17},"2":{"loc":{"start":{"line":20,"column":4},"end":{"line":22,"column":5}},"type":"if","locations":[{"start":{"line":20,"column":4},"end":{"line":22,"column":5}},{"start":{},"end":{}}],"line":20}},"s":{"0":8,"1":8,"2":4,"3":8,"4":4,"5":8,"6":4,"7":8,"8":1,"9":1,"10":1,"11":1},"f":{"0":8,"1":1,"2":1,"3":1,"4":1},"b":{"0":[4,4],"1":[4,4],"2":[4,4]},"_coverageSchema":"1a1c01bbd47fc00a2c39e90264f33305004495a9","hash":"fa3c9cff32bdbab4faa8eba1bf29a053b8d8522a"}
,"C:\\WORK\\sales\\backend\\src\\repositories\\orderRepository.js": {"path":"C:\\WORK\\sales\\backend\\src\\repositories\\orderRepository.js","statementMap":{"0":{"start":{"line":13,"column":18},"end":{"line":13,"column":20}},"1":{"start":{"line":14,"column":4},"end":{"line":16,"column":5}},"2":{"start":{"line":15,"column":6},"end":{"line":15,"column":61}},"3":{"start":{"line":17,"column":4},"end":{"line":19,"column":5}},"4":{"start":{"line":18,"column":6},"end":{"line":18,"column":42}},"5":{"start":{"line":20,"column":4},"end":{"line":22,"column":5}},"6":{"start":{"line":21,"column":6},"end":{"line":21,"column":46}},"7":{"start":{"line":23,"column":4},"end":{"line":25,"column":5}},"8":{"start":{"line":24,"column":6},"end":{"line":24,"column":48}},"9":{"start":{"line":26,"column":4},"end":{"line":28,"column":5}},"10":{"start":{"line":27,"column":6},"end":{"line":27,"column":77}},"11":{"start":{"line":29,"column":4},"end":{"line":31,"column":5}},"12":{"start":{"line":30,"column":6},"end":{"line":30,"column":106}},"13":{"start":{"line":34,"column":4},"end":{"line":45,"column":7}},"14":{"start":{"line":55,"column":4},"end":{"line":55,"column":46}},"15":{"start":{"line":64,"column":4},"end":{"line":68,"column":7}}},"fnMap":{"0":{"name":"(anonymous_0)","decl":{"start":{"line":11,"column":2},"end":{"line":11,"column":3}},"loc":{"start":{"line":11,"column":27},"end":{"line":46,"column":3}},"line":11},"1":{"name":"(anonymous_1)","decl":{"start":{"line":54,"column":2},"end":{"line":54,"column":3}},"loc":{"start":{"line":54,"column":26},"end":{"line":56,"column":3}},"line":54},"2":{"name":"(anonymous_2)","decl":{"start":{"line":63,"column":2},"end":{"line":63,"column":3}},"loc":{"start":{"line":63,"column":24},"end":{"line":69,"column":3}},"line":63}},"branchMap":{"0":{"loc":{"start":{"line":14,"column":4},"end":{"line":16,"column":5}},"type":"if","locations":[{"start":{"line":14,"column":4},"end":{"line":16,"column":5}},{"start":{},"end":{}}],"line":14},"1":{"loc":{"start":{"line":17,"column":4},"end":{"line":19,"column":5}},"type":"if","locations":[{"start":{"line":17,"column":4},"end":{"line":19,"column":5}},{"start":{},"end":{}}],"line":17},"2":{"loc":{"start":{"line":20,"column":4},"end":{"line":22,"column":5}},"type":"if","locations":[{"start":{"line":20,"column":4},"end":{"line":22,"column":5}},{"start":{},"end":{}}],"line":20},"3":{"loc":{"start":{"line":23,"column":4},"end":{"line":25,"column":5}},"type":"if","locations":[{"start":{"line":23,"column":4},"end":{"line":25,"column":5}},{"start":{},"end":{}}],"line":23},"4":{"loc":{"start":{"line":26,"column":4},"end":{"line":28,"column":5}},"type":"if","locations":[{"start":{"line":26,"column":4},"end":{"line":28,"column":5}},{"start":{},"end":{}}],"line":26},"5":{"loc":{"start":{"line":29,"column":4},"end":{"line":31,"column":5}},"type":"if","locations":[{"start":{"line":29,"column":4},"end":{"line":31,"column":5}},{"start":{},"end":{}}],"line":29}},"s":{"0":0,"1":0,"2":0,"3":0,"4":0,"5":0,"6":0,"7":0,"8":0,"9":0,"10":0,"11":0,"12":0,"13":0,"14":0,"15":0},"f":{"0":0,"1":0,"2":0},"b":{"0":[0,0],"1":[0,0],"2":[0,0],"3":[0,0],"4":[0,0],"5":[0,0]},"_coverageSchema":"1a1c01bbd47fc00a2c39e90264f33305004495a9","hash":"beb91a3589ba78df72e87896be0b1e13787f6063"}
,"C:\\WORK\\sales\\backend\\src\\services\\clientService.js": {"path":"C:\\WORK\\sales\\backend\\src\\services\\clientService.js","statementMap":{"0":{"start":{"line":15,"column":4},"end":{"line":15,"column":53}},"1":{"start":{"line":25,"column":19},"end":{"line":25,"column":64}},"2":{"start":{"line":26,"column":4},"end":{"line":28,"column":5}},"3":{"start":{"line":27,"column":6},"end":{"line":27,"column":62}},"4":{"start":{"line":29,"column":4},"end":{"line":29,"column":18}},"5":{"start":{"line":39,"column":19},"end":{"line":39,"column":75}},"6":{"start":{"line":40,"column":4},"end":{"line":42,"column":5}},"7":{"start":{"line":41,"column":6},"end":{"line":41,"column":75}},"8":{"start":{"line":44,"column":16},"end":{"line":44,"column":40}},"9":{"start":{"line":45,"column":4},"end":{"line":45,"column":31}},"10":{"start":{"line":46,"column":4},"end":{"line":46,"column":31}},"11":{"start":{"line":48,"column":4},"end":{"line":48,"column":46}},"12":{"start":{"line":59,"column":19},"end":{"line":59,"column":64}},"13":{"start":{"line":60,"column":4},"end":{"line":62,"column":5}},"14":{"start":{"line":61,"column":6},"end":{"line":61,"column":62}},"15":{"start":{"line":64,"column":16},"end":{"line":64,"column":40}},"16":{"start":{"line":65,"column":4},"end":{"line":65,"column":31}},"17":{"start":{"line":67,"column":4},"end":{"line":67,"column":58}},"18":{"start":{"line":77,"column":19},"end":{"line":77,"column":64}},"19":{"start":{"line":78,"column":4},"end":{"line":80,"column":5}},"20":{"start":{"line":79,"column":6},"end":{"line":79,"column":62}},"21":{"start":{"line":82,"column":20},"end":{"line":82,"column":77}},"22":{"start":{"line":83,"column":4},"end":{"line":85,"column":5}},"23":{"start":{"line":84,"column":6},"end":{"line":84,"column":88}},"24":{"start":{"line":86,"column":4},"end":{"line":86,"column":46}}},"fnMap":{"0":{"name":"(anonymous_0)","decl":{"start":{"line":14,"column":2},"end":{"line":14,"column":3}},"loc":{"start":{"line":14,"column":27},"end":{"line":16,"column":3}},"line":14},"1":{"name":"(anonymous_1)","decl":{"start":{"line":24,"column":2},"end":{"line":24,"column":3}},"loc":{"start":{"line":24,"column":31},"end":{"line":30,"column":3}},"line":24},"2":{"name":"(anonymous_2)","decl":{"start":{"line":37,"column":2},"end":{"line":37,"column":3}},"loc":{"start":{"line":37,"column":27},"end":{"line":49,"column":3}},"line":37},"3":{"name":"(anonymous_3)","decl":{"start":{"line":57,"column":2},"end":{"line":57,"column":3}},"loc":{"start":{"line":57,"column":39},"end":{"line":68,"column":3}},"line":57},"4":{"name":"(anonymous_4)","decl":{"start":{"line":75,"column":2},"end":{"line":75,"column":3}},"loc":{"start":{"line":75,"column":27},"end":{"line":87,"column":3}},"line":75}},"branchMap":{"0":{"loc":{"start":{"line":26,"column":4},"end":{"line":28,"column":5}},"type":"if","locations":[{"start":{"line":26,"column":4},"end":{"line":28,"column":5}},{"start":{},"end":{}}],"line":26},"1":{"loc":{"start":{"line":40,"column":4},"end":{"line":42,"column":5}},"type":"if","locations":[{"start":{"line":40,"column":4},"end":{"line":42,"column":5}},{"start":{},"end":{}}],"line":40},"2":{"loc":{"start":{"line":60,"column":4},"end":{"line":62,"column":5}},"type":"if","locations":[{"start":{"line":60,"column":4},"end":{"line":62,"column":5}},{"start":{},"end":{}}],"line":60},"3":{"loc":{"start":{"line":78,"column":4},"end":{"line":80,"column":5}},"type":"if","locations":[{"start":{"line":78,"column":4},"end":{"line":80,"column":5}},{"start":{},"end":{}}],"line":78},"4":{"loc":{"start":{"line":83,"column":4},"end":{"line":85,"column":5}},"type":"if","locations":[{"start":{"line":83,"column":4},"end":{"line":85,"column":5}},{"start":{},"end":{}}],"line":83}},"s":{"0":1,"1":2,"2":2,"3":1,"4":1,"5":2,"6":2,"7":1,"8":1,"9":1,"10":1,"11":1,"12":2,"13":2,"14":1,"15":1,"16":1,"17":1,"18":3,"19":3,"20":1,"21":2,"22":2,"23":1,"24":1},"f":{"0":1,"1":2,"2":2,"3":2,"4":3},"b":{"0":[1,1],"1":[1,1],"2":[1,1],"3":[1,2],"4":[1,1]},"_coverageSchema":"1a1c01bbd47fc00a2c39e90264f33305004495a9","hash":"60b8aeeeeb7ec6abfb70d09ba5bbd316b3a38f2d"}
}
