TN:
SF:src\config\database.js
FNF:0
FNH:0
DA:3,3
DA:4,3
DA:5,3
DA:7,3
LF:4
LH:4
BRF:0
BRH:0
end_of_record
TN:
SF:src\controllers\clientController.js
FN:13,(anonymous_0)
FN:37,(anonymous_1)
FN:74,(anonymous_2)
FN:140,(anonymous_3)
FN:201,(anonymous_4)
FN:242,(anonymous_5)
FNF:6
FNH:6
FNDA:2,(anonymous_0)
FNDA:6,(anonymous_1)
FNDA:11,(anonymous_2)
FNDA:9,(anonymous_3)
FNDA:7,(anonymous_4)
FNDA:29,(anonymous_5)
DA:14,2
DA:16,2
DA:23,2
DA:24,1
DA:26,1
DA:27,1
DA:38,6
DA:39,6
DA:41,6
DA:42,1
DA:43,5
DA:44,1
DA:45,4
DA:46,1
DA:49,6
DA:50,3
DA:51,3
DA:54,3
DA:55,1
DA:57,2
DA:59,2
DA:61,1
DA:63,1
DA:75,11
DA:76,11
DA:89,11
DA:91,11
DA:92,1
DA:93,10
DA:94,1
DA:95,9
DA:96,1
DA:100,11
DA:101,1
DA:102,10
DA:103,1
DA:107,11
DA:108,1
DA:109,10
DA:110,1
DA:111,9
DA:112,1
DA:115,11
DA:117,8
DA:118,8
DA:121,3
DA:122,1
DA:124,2
DA:125,2
DA:127,1
DA:129,1
DA:141,9
DA:142,9
DA:144,9
DA:145,1
DA:146,8
DA:147,1
DA:148,7
DA:149,1
DA:152,9
DA:153,3
DA:154,3
DA:157,6
DA:167,6
DA:169,6
DA:170,1
DA:171,5
DA:172,1
DA:173,4
DA:174,1
DA:177,6
DA:179,3
DA:180,3
DA:182,3
DA:183,1
DA:185,2
DA:186,2
DA:188,1
DA:190,1
DA:202,7
DA:203,7
DA:205,7
DA:206,1
DA:207,6
DA:208,1
DA:209,5
DA:210,1
DA:213,7
DA:214,3
DA:215,3
DA:219,4
DA:220,1
DA:222,3
DA:224,3
DA:226,1
DA:227,2
DA:229,1
DA:231,1
DA:243,29
DA:245,29
DA:246,6
DA:247,23
DA:248,1
DA:252,29
DA:253,3
DA:254,1
DA:255,2
DA:256,1
DA:261,29
DA:262,1
DA:266,29
DA:267,1
DA:271,29
DA:272,1
DA:274,29
LF:115
LH:115
BRDA:41,0,0,1
BRDA:41,0,1,5
BRDA:43,1,0,1
BRDA:43,1,1,4
BRDA:45,2,0,1
BRDA:45,2,1,3
BRDA:49,3,0,3
BRDA:49,3,1,3
BRDA:59,4,0,1
BRDA:59,4,1,1
BRDA:91,5,0,1
BRDA:91,5,1,10
BRDA:93,6,0,1
BRDA:93,6,1,9
BRDA:95,7,0,1
BRDA:95,7,1,8
BRDA:100,8,0,1
BRDA:100,8,1,10
BRDA:102,9,0,1
BRDA:102,9,1,9
BRDA:107,10,0,1
BRDA:107,10,1,10
BRDA:109,11,0,1
BRDA:109,11,1,9
BRDA:111,12,0,1
BRDA:111,12,1,8
BRDA:115,13,0,8
BRDA:115,13,1,3
BRDA:125,14,0,1
BRDA:125,14,1,1
BRDA:144,15,0,1
BRDA:144,15,1,8
BRDA:146,16,0,1
BRDA:146,16,1,7
BRDA:148,17,0,1
BRDA:148,17,1,6
BRDA:152,18,0,3
BRDA:152,18,1,6
BRDA:169,19,0,1
BRDA:169,19,1,5
BRDA:171,20,0,1
BRDA:171,20,1,4
BRDA:173,21,0,1
BRDA:173,21,1,3
BRDA:177,22,0,3
BRDA:177,22,1,3
BRDA:186,23,0,1
BRDA:186,23,1,1
BRDA:205,24,0,1
BRDA:205,24,1,6
BRDA:207,25,0,1
BRDA:207,25,1,5
BRDA:209,26,0,1
BRDA:209,26,1,4
BRDA:213,27,0,3
BRDA:213,27,1,4
BRDA:224,28,0,1
BRDA:224,28,1,2
BRDA:227,29,0,1
BRDA:227,29,1,1
BRDA:245,30,0,6
BRDA:245,30,1,23
BRDA:247,31,0,1
BRDA:247,31,1,22
BRDA:252,32,0,3
BRDA:252,32,1,26
BRDA:253,33,0,1
BRDA:253,33,1,2
BRDA:255,34,0,1
BRDA:255,34,1,1
BRDA:261,35,0,1
BRDA:261,35,1,28
BRDA:261,36,0,29
BRDA:261,36,1,2
BRDA:266,37,0,1
BRDA:266,37,1,28
BRDA:266,38,0,29
BRDA:266,38,1,2
BRDA:271,39,0,1
BRDA:271,39,1,28
BRDA:271,40,0,29
BRDA:271,40,1,2
BRF:82
BRH:82
end_of_record
TN:
SF:src\errors\BaseError.js
FN:2,(anonymous_0)
FNF:1
FNH:1
FNDA:10,(anonymous_0)
DA:3,10
DA:5,10
LF:2
LH:2
BRF:0
BRH:0
end_of_record
TN:
SF:src\errors\NotFoundError.js
FN:6,(anonymous_0)
FNF:1
FNH:1
FNDA:6,(anonymous_0)
DA:4,2
DA:7,6
LF:2
LH:2
BRF:0
BRH:0
end_of_record
TN:
SF:src\errors\ReferenceConstraintError.js
FN:6,(anonymous_0)
FNF:1
FNH:1
FNDA:2,(anonymous_0)
DA:4,2
DA:7,2
LF:2
LH:2
BRF:0
BRH:0
end_of_record
TN:
SF:src\errors\UniqueConstraintError.js
FN:6,(anonymous_0)
FNF:1
FNH:1
FNDA:2,(anonymous_0)
DA:4,2
DA:7,2
LF:2
LH:2
BRF:0
BRH:0
end_of_record
TN:
SF:src\models\clientModel.js
FNF:0
FNH:0
DA:6,3
LF:1
LH:1
BRF:0
BRH:0
end_of_record
TN:
SF:src\models\orderModel.js
FNF:0
FNH:0
DA:6,2
LF:1
LH:1
BRF:0
BRH:0
end_of_record
TN:
SF:src\repositories\clientRepository.js
FN:11,(anonymous_0)
FN:47,(anonymous_1)
FN:56,(anonymous_2)
FN:66,(anonymous_3)
FN:79,(anonymous_4)
FNF:5
FNH:5
FNDA:8,(anonymous_0)
FNDA:1,(anonymous_1)
FNDA:1,(anonymous_2)
FNDA:1,(anonymous_3)
FNDA:1,(anonymous_4)
DA:13,8
DA:14,8
DA:15,4
DA:17,8
DA:18,4
DA:20,8
DA:21,4
DA:25,8
DA:48,1
DA:57,1
DA:67,1
DA:80,1
LF:12
LH:12
BRDA:14,0,0,4
BRDA:14,0,1,4
BRDA:17,1,0,4
BRDA:17,1,1,4
BRDA:20,2,0,4
BRDA:20,2,1,4
BRF:6
BRH:6
end_of_record
TN:
SF:src\repositories\orderRepository.js
FN:11,(anonymous_0)
FN:54,(anonymous_1)
FN:63,(anonymous_2)
FNF:3
FNH:0
FNDA:0,(anonymous_0)
FNDA:0,(anonymous_1)
FNDA:0,(anonymous_2)
DA:13,0
DA:14,0
DA:15,0
DA:17,0
DA:18,0
DA:20,0
DA:21,0
DA:23,0
DA:24,0
DA:26,0
DA:27,0
DA:29,0
DA:30,0
DA:34,0
DA:55,0
DA:64,0
LF:16
LH:0
BRDA:14,0,0,0
BRDA:14,0,1,0
BRDA:17,1,0,0
BRDA:17,1,1,0
BRDA:20,2,0,0
BRDA:20,2,1,0
BRDA:23,3,0,0
BRDA:23,3,1,0
BRDA:26,4,0,0
BRDA:26,4,1,0
BRDA:29,5,0,0
BRDA:29,5,1,0
BRF:12
BRH:0
end_of_record
TN:
SF:src\services\clientService.js
FN:14,(anonymous_0)
FN:24,(anonymous_1)
FN:37,(anonymous_2)
FN:57,(anonymous_3)
FN:75,(anonymous_4)
FNF:5
FNH:5
FNDA:1,(anonymous_0)
FNDA:2,(anonymous_1)
FNDA:2,(anonymous_2)
FNDA:2,(anonymous_3)
FNDA:3,(anonymous_4)
DA:15,1
DA:25,2
DA:26,2
DA:27,1
DA:29,1
DA:39,2
DA:40,2
DA:41,1
DA:44,1
DA:45,1
DA:46,1
DA:48,1
DA:59,2
DA:60,2
DA:61,1
DA:64,1
DA:65,1
DA:67,1
DA:77,3
DA:78,3
DA:79,1
DA:82,2
DA:83,2
DA:84,1
DA:86,1
LF:25
LH:25
BRDA:26,0,0,1
BRDA:26,0,1,1
BRDA:40,1,0,1
BRDA:40,1,1,1
BRDA:60,2,0,1
BRDA:60,2,1,1
BRDA:78,3,0,1
BRDA:78,3,1,2
BRDA:83,4,0,1
BRDA:83,4,1,1
BRF:10
BRH:10
end_of_record
